#
# There is insufficient memory for the Java Runtime Environment to continue.
# Native memory allocation (malloc) failed to allocate 761536 bytes for Chunk::new
# Possible reasons:
#   The system is out of physical RAM or swap space
#   The process is running with CompressedOops enabled, and the Java Heap may be blocking the growth of the native heap
# Possible solutions:
#   Reduce memory load on the system
#   Increase physical memory or swap space
#   Check if swap backing store is full
#   Decrease Java heap size (-Xmx/-Xms)
#   Decrease number of Java threads
#   Decrease Java thread stack sizes (-Xss)
#   Set larger code cache with -XX:ReservedCodeCacheSize=
#   JVM is running with Unscaled Compressed Oops mode in which the Java heap is
#     placed in the first 4GB address space. The Java Heap base address is the
#     maximum limit for the native heap growth. Please use -XX:HeapBaseMinAddress
#     to set the Java Heap base and to place the Java Heap above 4GB virtual address.
# This output file may be truncated or incomplete.
#
#  Out of Memory Error (allocation.cpp:389), pid=5760, tid=0x00000000000016c4
#
# JRE version: OpenJDK Runtime Environment (8.0_242-b01) (build 1.8.0_242-release-1644-b01)
# Java VM: OpenJDK 64-Bit Server VM (25.242-b01 mixed mode windows-amd64 compressed oops)
# Failed to write core dump. Minidumps are not enabled by default on client versions of Windows
#

---------------  T H R E A D  ---------------

Current thread (0x0000000014819800):  JavaThread "C2 CompilerThread1" daemon [_thread_in_native, id=5828, stack(0x0000000015f80000,0x0000000016080000)]

Stack: [0x0000000015f80000,0x0000000016080000]
[error occurred during error reporting (printing stack bounds), id 0xc0000005]

Native frames: (J=compiled Java code, j=interpreted, Vv=VM code, C=native code)


Current CompileTask:
C2:  62830 2013       4       org.jetbrains.kotlin.com.intellij.openapi.vfs.impl.ZipHandlerBase::getOrCreate (289 bytes)


---------------  P R O C E S S  ---------------

Java Threads: ( => current thread )
  0x0000000016198800 JavaThread "Service Thread" daemon [_thread_blocked, id=1672, stack(0x0000000016580000,0x0000000016680000)]
  0x0000000014854000 JavaThread "C1 CompilerThread2" daemon [_thread_blocked, id=10304, stack(0x0000000016080000,0x0000000016180000)]
=>0x0000000014819800 JavaThread "C2 CompilerThread1" daemon [_thread_in_native, id=5828, stack(0x0000000015f80000,0x0000000016080000)]
  0x0000000014814800 JavaThread "C2 CompilerThread0" daemon [_thread_in_native, id=11500, stack(0x0000000015e80000,0x0000000015f80000)]
  0x0000000014813000 JavaThread "Attach Listener" daemon [_thread_blocked, id=12720, stack(0x0000000015d80000,0x0000000015e80000)]
  0x0000000014811800 JavaThread "Signal Dispatcher" daemon [_thread_blocked, id=1944, stack(0x0000000015c80000,0x0000000015d80000)]
  0x0000000002fbc000 JavaThread "Finalizer" daemon [_thread_blocked, id=4396, stack(0x0000000015a80000,0x0000000015b80000)]
  0x00000000147f9000 JavaThread "Reference Handler" daemon [_thread_blocked, id=5360, stack(0x0000000015980000,0x0000000015a80000)]
  0x0000000002ebe800 JavaThread "main" [_thread_in_Java, id=11100, stack(0x0000000002d30000,0x0000000002e30000)]

Other Threads:
  0x00000000147d6000 VMThread [stack: 0x0000000015880000,0x0000000015980000] [id=1964]
  0x0000000016199800 WatcherThread [stack: 0x0000000016680000,0x0000000016780000] [id=4504]

VM state:not at safepoint (normal execution)

VM Mutex/Monitor currently owned by a thread: None

heap address: 0x00000000d8e00000, size: 626 MB, Compressed Oops mode: 32-bit
Narrow klass base: 0x0000000000000000, Narrow klass shift: 3
Compressed class space size: 1073741824 Address: 0x0000000100000000

Heap:
 PSYoungGen      total 18432K, used 7328K [0x00000000f2f80000, 0x00000000f4c00000, 0x0000000100000000)
  eden space 8192K, 64% used [0x00000000f2f80000,0x00000000f34af338,0x00000000f3780000)
  from space 10240K, 19% used [0x00000000f3780000,0x00000000f3978dc8,0x00000000f4180000)
  to   space 10240K, 0% used [0x00000000f4200000,0x00000000f4200000,0x00000000f4c00000)
 ParOldGen       total 27648K, used 21329K [0x00000000d8e00000, 0x00000000da900000, 0x00000000f2f80000)
  object space 27648K, 77% used [0x00000000d8e00000,0x00000000da2d4558,0x00000000da900000)
 Metaspace       used 24513K, capacity 25038K, committed 25344K, reserved 1071104K
  class space    used 3119K, capacity 3277K, committed 3328K, reserved 1048576K

Card table byte_map: [0x0000000012380000,0x00000000124c0000] byte_map_base: 0x0000000011cb9000

Marking Bits: (ParMarkBitMap*) 0x0000000077f7f030
 Begin Bits: [0x00000000129a0000, 0x0000000013368000)
 End Bits:   [0x0000000013368000, 0x0000000013d30000)

Polling page: 0x0000000001070000

CodeCache: size=245760Kb used=6823Kb max_used=6833Kb free=238936Kb
 bounds [0x0000000002fc0000, 0x0000000003680000, 0x0000000011fc0000]
 total_blobs=2470 nmethods=2019 adapters=365
 compilation: enabled

Compilation events (10 events):
Event: 62.098 Thread 0x0000000014854000 2024       1       org.jetbrains.kotlin.cli.jvm.config.JvmClasspathRoot::getFile (5 bytes)
Event: 62.098 Thread 0x0000000014854000 nmethod 2024 0x000000000365b750 code [0x000000000365b8a0, 0x000000000365b9b0]
Event: 62.116 Thread 0x0000000014854000 2025       1       org.jetbrains.kotlin.com.intellij.openapi.diagnostic.DefaultLogger::isDebugEnabled (2 bytes)
Event: 62.116 Thread 0x0000000014854000 nmethod 2025 0x0000000003662d10 code [0x0000000003662e60, 0x0000000003662f70]
Event: 62.117 Thread 0x0000000014854000 2026       3       sun.nio.fs.WindowsFileAttributes::isOther (26 bytes)
Event: 62.118 Thread 0x0000000014854000 nmethod 2026 0x0000000003662810 code [0x0000000003662980, 0x0000000003662c50]
Event: 62.147 Thread 0x0000000014814800 nmethod 2023 0x0000000003670410 code [0x00000000036705a0, 0x0000000003670d78]
Event: 62.147 Thread 0x0000000014814800 2027       4       org.jetbrains.kotlin.com.intellij.openapi.vfs.impl.ZipHandlerBase::getOrCreate (235 bytes)
Event: 62.285 Thread 0x0000000014854000 2028       3       sun.misc.PerfCounter::increment (6 bytes)
Event: 62.287 Thread 0x0000000014854000 nmethod 2028 0x0000000003661c50 code [0x0000000003661de0, 0x00000000036624d8]

GC Heap History (10 events):
Event: 42.837 GC heap before
{Heap before GC invocations=9 (full 0):
 PSYoungGen      total 18432K, used 15485K [0x00000000f2f80000, 0x00000000f4680000, 0x0000000100000000)
  eden space 13312K, 100% used [0x00000000f2f80000,0x00000000f3c80000,0x00000000f3c80000)
  from space 5120K, 42% used [0x00000000f4180000,0x00000000f439f538,0x00000000f4680000)
  to   space 5120K, 0% used [0x00000000f3c80000,0x00000000f3c80000,0x00000000f4180000)
 ParOldGen       total 27648K, used 13254K [0x00000000d8e00000, 0x00000000da900000, 0x00000000f2f80000)
  object space 27648K, 47% used [0x00000000d8e00000,0x00000000d9af1a48,0x00000000da900000)
 Metaspace       used 19657K, capacity 20036K, committed 20352K, reserved 1067008K
  class space    used 2217K, capacity 2341K, committed 2432K, reserved 1048576K
Event: 42.890 GC heap after
Heap after GC invocations=9 (full 0):
 PSYoungGen      total 18432K, used 5096K [0x00000000f2f80000, 0x00000000f4680000, 0x0000000100000000)
  eden space 13312K, 0% used [0x00000000f2f80000,0x00000000f2f80000,0x00000000f3c80000)
  from space 5120K, 99% used [0x00000000f3c80000,0x00000000f417a2a0,0x00000000f4180000)
  to   space 5120K, 0% used [0x00000000f4180000,0x00000000f4180000,0x00000000f4680000)
 ParOldGen       total 27648K, used 20289K [0x00000000d8e00000, 0x00000000da900000, 0x00000000f2f80000)
  object space 27648K, 73% used [0x00000000d8e00000,0x00000000da1d04c0,0x00000000da900000)
 Metaspace       used 19657K, capacity 20036K, committed 20352K, reserved 1067008K
  class space    used 2217K, capacity 2341K, committed 2432K, reserved 1048576K
}
Event: 45.726 GC heap before
{Heap before GC invocations=10 (full 0):
 PSYoungGen      total 18432K, used 14969K [0x00000000f2f80000, 0x00000000f4680000, 0x0000000100000000)
  eden space 13312K, 74% used [0x00000000f2f80000,0x00000000f39242b8,0x00000000f3c80000)
  from space 5120K, 99% used [0x00000000f3c80000,0x00000000f417a2a0,0x00000000f4180000)
  to   space 5120K, 0% used [0x00000000f4180000,0x00000000f4180000,0x00000000f4680000)
 ParOldGen       total 27648K, used 20289K [0x00000000d8e00000, 0x00000000da900000, 0x00000000f2f80000)
  object space 27648K, 73% used [0x00000000d8e00000,0x00000000da1d04c0,0x00000000da900000)
 Metaspace       used 20735K, capacity 21086K, committed 21248K, reserved 1069056K
  class space    used 2335K, capacity 2452K, committed 2560K, reserved 1048576K
Event: 45.847 GC heap after
Heap after GC invocations=10 (full 0):
 PSYoungGen      total 13312K, used 5112K [0x00000000f2f80000, 0x00000000f5880000, 0x0000000100000000)
  eden space 8192K, 0% used [0x00000000f2f80000,0x00000000f2f80000,0x00000000f3780000)
  from space 5120K, 99% used [0x00000000f4180000,0x00000000f467e2b0,0x00000000f4680000)
  to   space 10240K, 0% used [0x00000000f3780000,0x00000000f3780000,0x00000000f4180000)
 ParOldGen       total 27648K, used 24655K [0x00000000d8e00000, 0x00000000da900000, 0x00000000f2f80000)
  object space 27648K, 89% used [0x00000000d8e00000,0x00000000da613d90,0x00000000da900000)
 Metaspace       used 20735K, capacity 21086K, committed 21248K, reserved 1069056K
  class space    used 2335K, capacity 2452K, committed 2560K, reserved 1048576K
}
Event: 45.848 GC heap before
{Heap before GC invocations=11 (full 1):
 PSYoungGen      total 13312K, used 5112K [0x00000000f2f80000, 0x00000000f5880000, 0x0000000100000000)
  eden space 8192K, 0% used [0x00000000f2f80000,0x00000000f2f80000,0x00000000f3780000)
  from space 5120K, 99% used [0x00000000f4180000,0x00000000f467e2b0,0x00000000f4680000)
  to   space 10240K, 0% used [0x00000000f3780000,0x00000000f3780000,0x00000000f4180000)
 ParOldGen       total 27648K, used 24655K [0x00000000d8e00000, 0x00000000da900000, 0x00000000f2f80000)
  object space 27648K, 89% used [0x00000000d8e00000,0x00000000da613d90,0x00000000da900000)
 Metaspace       used 20735K, capacity 21086K, committed 21248K, reserved 1069056K
  class space    used 2335K, capacity 2452K, committed 2560K, reserved 1048576K
Event: 47.002 GC heap after
Heap after GC invocations=11 (full 1):
 PSYoungGen      total 13312K, used 0K [0x00000000f2f80000, 0x00000000f5880000, 0x0000000100000000)
  eden space 8192K, 0% used [0x00000000f2f80000,0x00000000f2f80000,0x00000000f3780000)
  from space 5120K, 0% used [0x00000000f4180000,0x00000000f4180000,0x00000000f4680000)
  to   space 10240K, 0% used [0x00000000f3780000,0x00000000f3780000,0x00000000f4180000)
 ParOldGen       total 27648K, used 26240K [0x00000000d8e00000, 0x00000000da900000, 0x00000000f2f80000)
  object space 27648K, 94% used [0x00000000d8e00000,0x00000000da7a0228,0x00000000da900000)
 Metaspace       used 20735K, capacity 21086K, committed 21248K, reserved 1069056K
  class space    used 2335K, capacity 2452K, committed 2560K, reserved 1048576K
}
Event: 48.465 GC heap before
{Heap before GC invocations=12 (full 2):
 PSYoungGen      total 13312K, used 8192K [0x00000000f2f80000, 0x00000000f5880000, 0x0000000100000000)
  eden space 8192K, 100% used [0x00000000f2f80000,0x00000000f3780000,0x00000000f3780000)
  from space 5120K, 0% used [0x00000000f4180000,0x00000000f4180000,0x00000000f4680000)
  to   space 10240K, 0% used [0x00000000f3780000,0x00000000f3780000,0x00000000f4180000)
 ParOldGen       total 27648K, used 26240K [0x00000000d8e00000, 0x00000000da900000, 0x00000000f2f80000)
  object space 27648K, 94% used [0x00000000d8e00000,0x00000000da7a0228,0x00000000da900000)
 Metaspace       used 22497K, capacity 23022K, committed 23296K, reserved 1069056K
  class space    used 2606K, capacity 2761K, committed 2816K, reserved 1048576K
Event: 49.978 GC heap after
Heap after GC invocations=12 (full 2):
 PSYoungGen      total 13312K, used 0K [0x00000000f2f80000, 0x00000000f5880000, 0x0000000100000000)
  eden space 8192K, 0% used [0x00000000f2f80000,0x00000000f2f80000,0x00000000f3780000)
  from space 5120K, 0% used [0x00000000f4180000,0x00000000f4180000,0x00000000f4680000)
  to   space 10240K, 0% used [0x00000000f3780000,0x00000000f3780000,0x00000000f4180000)
 ParOldGen       total 27648K, used 21321K [0x00000000d8e00000, 0x00000000da900000, 0x00000000f2f80000)
  object space 27648K, 77% used [0x00000000d8e00000,0x00000000da2d2558,0x00000000da900000)
 Metaspace       used 22497K, capacity 23022K, committed 23296K, reserved 1069056K
  class space    used 2606K, capacity 2761K, committed 2816K, reserved 1048576K
}
Event: 57.139 GC heap before
{Heap before GC invocations=13 (full 2):
 PSYoungGen      total 13312K, used 8192K [0x00000000f2f80000, 0x00000000f5880000, 0x0000000100000000)
  eden space 8192K, 100% used [0x00000000f2f80000,0x00000000f3780000,0x00000000f3780000)
  from space 5120K, 0% used [0x00000000f4180000,0x00000000f4180000,0x00000000f4680000)
  to   space 10240K, 0% used [0x00000000f3780000,0x00000000f3780000,0x00000000f4180000)
 ParOldGen       total 27648K, used 21321K [0x00000000d8e00000, 0x00000000da900000, 0x00000000f2f80000)
  object space 27648K, 77% used [0x00000000d8e00000,0x00000000da2d2558,0x00000000da900000)
 Metaspace       used 24469K, capacity 24962K, committed 25088K, reserved 1071104K
  class space    used 3119K, capacity 3277K, committed 3328K, reserved 1048576K
Event: 57.149 GC heap after
Heap after GC invocations=13 (full 2):
 PSYoungGen      total 18432K, used 2019K [0x00000000f2f80000, 0x00000000f4c00000, 0x0000000100000000)
  eden space 8192K, 0% used [0x00000000f2f80000,0x00000000f2f80000,0x00000000f3780000)
  from space 10240K, 19% used [0x00000000f3780000,0x00000000f3978dc8,0x00000000f4180000)
  to   space 10240K, 0% used [0x00000000f4200000,0x00000000f4200000,0x00000000f4c00000)
 ParOldGen       total 27648K, used 21329K [0x00000000d8e00000, 0x00000000da900000, 0x00000000f2f80000)
  object space 27648K, 77% used [0x00000000d8e00000,0x00000000da2d4558,0x00000000da900000)
 Metaspace       used 24469K, capacity 24962K, committed 25088K, reserved 1071104K
  class space    used 3119K, capacity 3277K, committed 3328K, reserved 1048576K
}

Deoptimization events (10 events):
Event: 41.018 Thread 0x0000000002ebe800 Uncommon trap: reason=unstable_if action=reinterpret pc=0x00000000035904c8 method=com.sun.nio.zipfs.ZipFileSystem.getParent([B)[B @ 21
Event: 41.018 Thread 0x0000000002ebe800 Uncommon trap: reason=unstable_if action=reinterpret pc=0x000000000358ffd0 method=java.util.Arrays.equals([B[B)Z @ 2
Event: 41.018 Thread 0x0000000002ebe800 Uncommon trap: reason=unstable_if action=reinterpret pc=0x000000000358c61c method=java.util.Arrays.equals([B[B)Z @ 2
Event: 41.879 Thread 0x0000000002ebe800 Uncommon trap: reason=class_check action=maybe_recompile pc=0x000000000356db80 method=java.util.zip.InflaterInputStream.read([BII)I @ 100
Event: 42.769 Thread 0x0000000002ebe800 Uncommon trap: reason=unstable_if action=reinterpret pc=0x000000000358f29c method=java.util.Arrays.hashCode([B)I @ 1
Event: 43.088 Thread 0x0000000002ebe800 Uncommon trap: reason=class_check action=maybe_recompile pc=0x000000000356db80 method=java.util.zip.InflaterInputStream.read([BII)I @ 100
Event: 47.430 Thread 0x0000000002ebe800 Uncommon trap: reason=unstable_if action=reinterpret pc=0x00000000031a1688 method=java.lang.String.startsWith(Ljava/lang/String;I)Z @ 25
Event: 58.222 Thread 0x0000000002ebe800 Uncommon trap: reason=unstable_if action=reinterpret pc=0x000000000363da00 method=org.jetbrains.kotlin.com.intellij.openapi.vfs.impl.ZipEntryMap.isTheOne(Lorg/jetbrains/kotlin/com/intellij/openapi/vfs/impl/ArchiveHandler$EntryInfo;Ljava/lang/CharSequence;
Event: 59.368 Thread 0x0000000002ebe800 Uncommon trap: reason=unstable_if action=reinterpret pc=0x0000000003644b40 method=org.jetbrains.kotlin.com.intellij.openapi.vfs.impl.ZipEntryMap.isTheOne(Lorg/jetbrains/kotlin/com/intellij/openapi/vfs/impl/ArchiveHandler$EntryInfo;Ljava/lang/CharSequence;
Event: 61.834 Thread 0x0000000002ebe800 Uncommon trap: reason=unstable_if action=reinterpret pc=0x000000000363c894 method=org.jetbrains.kotlin.com.intellij.openapi.vfs.impl.ZipEntryMap.isTheOne(Lorg/jetbrains/kotlin/com/intellij/openapi/vfs/impl/ArchiveHandler$EntryInfo;Ljava/lang/CharSequence;

Classes redefined (0 events):
No events

Internal exceptions (10 events):
Event: 7.593 Thread 0x0000000002ebe800 Exception <a 'java/security/PrivilegedActionException'> (0x00000000f352d4c8) thrown at [C:\src\AOSP-openjdk-git\hotspot\src\share\vm\prims\jvm.cpp, line 1502]
Event: 7.593 Thread 0x0000000002ebe800 Exception <a 'java/security/PrivilegedActionException'> (0x00000000f352d8c0) thrown at [C:\src\AOSP-openjdk-git\hotspot\src\share\vm\prims\jvm.cpp, line 1502]
Event: 15.246 Thread 0x0000000002ebe800 Exception <a 'java/lang/ArrayIndexOutOfBoundsException'> (0x00000000f39572f8) thrown at [C:\src\AOSP-openjdk-git\hotspot\src\share\vm\runtime\sharedRuntime.cpp, line 605]
Event: 19.729 Thread 0x0000000002ebe800 Exception <a 'java/lang/ArrayIndexOutOfBoundsException'> (0x00000000f3974590) thrown at [C:\src\AOSP-openjdk-git\hotspot\src\share\vm\runtime\sharedRuntime.cpp, line 605]
Event: 38.443 Thread 0x0000000002ebe800 Exception <a 'java/lang/NoSuchMethodError': java.lang.Object.lambda$static$0()J> (0x00000000f31407f0) thrown at [C:\src\AOSP-openjdk-git\hotspot\src\share\vm\interpreter\linkResolver.cpp, line 620]
Event: 42.768 Thread 0x0000000002ebe800 Implicit null exception at 0x000000000358f113 to 0x000000000358f286
Event: 43.787 Thread 0x0000000002ebe800 Exception <a 'java/lang/NoSuchMethodError': java.lang.Object.lambda$static$0(I)[Lorg/jetbrains/kotlin/com/intellij/openapi/editor/event/DocumentListener;> (0x00000000f36fc6a8) thrown at [C:\src\AOSP-openjdk-git\hotspot\src\share\vm\interpreter\linkResolve
Event: 47.121 Thread 0x0000000002ebe800 Exception <a 'java/lang/NoSuchMethodError': java.lang.Object.lambda$static$0(I)[Lorg/jetbrains/kotlin/com/intellij/psi/PsiAnnotation;> (0x00000000f2fb7268) thrown at [C:\src\AOSP-openjdk-git\hotspot\src\share\vm\interpreter\linkResolver.cpp, line 620]
Event: 48.067 Thread 0x0000000002ebe800 Exception <a 'java/lang/NoSuchMethodError': java.lang.Object.lambda$static$0(I)[Lorg/jetbrains/kotlin/com/intellij/psi/PsiElement;> (0x00000000f3550250) thrown at [C:\src\AOSP-openjdk-git\hotspot\src\share\vm\interpreter\linkResolver.cpp, line 620]
Event: 48.403 Thread 0x0000000002ebe800 Exception <a 'java/lang/NoSuchMethodError': java.lang.Object.lambda$comparing$77a9974f$1(Ljava/util/function/Function;Ljava/lang/Object;Ljava/lang/Object;)I> (0x00000000f37137a0) thrown at [C:\src\AOSP-openjdk-git\hotspot\src\share\vm\interpreter\linkReso

Events (10 events):
Event: 58.222 Thread 0x0000000002ebe800 DEOPT PACKING pc=0x000000000363da00 sp=0x0000000002e2e1b0
Event: 58.222 Thread 0x0000000002ebe800 DEOPT UNPACKING pc=0x000000000300557b sp=0x0000000002e2e088 mode 2
Event: 59.290 Thread 0x0000000002ebe800 DEOPT PACKING pc=0x000000000320eb4d sp=0x0000000002e2de60
Event: 59.290 Thread 0x0000000002ebe800 DEOPT UNPACKING pc=0x00000000030071d0 sp=0x0000000002e2dbb0 mode 0
Event: 59.368 Thread 0x0000000002ebe800 Uncommon trap: trap_request=0xffffff65 fr.pc=0x0000000003644b40
Event: 59.368 Thread 0x0000000002ebe800 DEOPT PACKING pc=0x0000000003644b40 sp=0x0000000002e2e170
Event: 59.368 Thread 0x0000000002ebe800 DEOPT UNPACKING pc=0x000000000300557b sp=0x0000000002e2e0a8 mode 2
Event: 61.834 Thread 0x0000000002ebe800 Uncommon trap: trap_request=0xffffff65 fr.pc=0x000000000363c894
Event: 61.834 Thread 0x0000000002ebe800 DEOPT PACKING pc=0x000000000363c894 sp=0x0000000002e2e100
Event: 61.834 Thread 0x0000000002ebe800 DEOPT UNPACKING pc=0x000000000300557b sp=0x0000000002e2e0a8 mode 2


Dynamic libraries:
0x00007ff6933b0000 - 0x00007ff6933e1000 	C:\Program Files\Android\Android Studio\jre\jre\bin\java.exe
0x00007ffcb5ba0000 - 0x00007ffcb5d90000 	C:\WINDOWS\SYSTEM32\ntdll.dll
0x00007ffcb4740000 - 0x00007ffcb47f2000 	C:\WINDOWS\System32\KERNEL32.DLL
0x00007ffcb3520000 - 0x00007ffcb37c5000 	C:\WINDOWS\System32\KERNELBASE.dll
0x00007ffcb4ed0000 - 0x00007ffcb4f73000 	C:\WINDOWS\System32\ADVAPI32.dll
0x00007ffcb5260000 - 0x00007ffcb52fe000 	C:\WINDOWS\System32\msvcrt.dll
0x00007ffcb5010000 - 0x00007ffcb50a7000 	C:\WINDOWS\System32\sechost.dll
0x00007ffcb5890000 - 0x00007ffcb59af000 	C:\WINDOWS\System32\RPCRT4.dll
0x00007ffcb44d0000 - 0x00007ffcb4664000 	C:\WINDOWS\System32\USER32.dll
0x00007ffcb37d0000 - 0x00007ffcb37f1000 	C:\WINDOWS\System32\win32u.dll
0x00007ffcb48e0000 - 0x00007ffcb4906000 	C:\WINDOWS\System32\GDI32.dll
0x00007ffcb3ab0000 - 0x00007ffcb3c48000 	C:\WINDOWS\System32\gdi32full.dll
0x00007ffcb3480000 - 0x00007ffcb351e000 	C:\WINDOWS\System32\msvcp_win.dll
0x00007ffcb2c00000 - 0x00007ffcb2cfa000 	C:\WINDOWS\System32\ucrtbase.dll
0x00007ffca5c30000 - 0x00007ffca5eb4000 	C:\WINDOWS\WinSxS\amd64_microsoft.windows.common-controls_6595b64144ccf1df_6.0.18362.1500_none_9e79be6de462295c\COMCTL32.dll
0x00007ffcb5300000 - 0x00007ffcb5636000 	C:\WINDOWS\System32\combase.dll
0x00007ffcb2b10000 - 0x00007ffcb2b91000 	C:\WINDOWS\System32\bcryptPrimitives.dll
0x00007ffcb3c50000 - 0x00007ffcb3c7e000 	C:\WINDOWS\System32\IMM32.DLL
0x00000000775f0000 - 0x00000000776c2000 	C:\Program Files\Android\Android Studio\jre\jre\bin\msvcr100.dll
0x00000000777b0000 - 0x0000000077ffb000 	C:\Program Files\Android\Android Studio\jre\jre\bin\server\jvm.dll
0x00007ffcb5000000 - 0x00007ffcb5008000 	C:\WINDOWS\System32\PSAPI.DLL
0x00007ffc9fb90000 - 0x00007ffc9fb99000 	C:\WINDOWS\SYSTEM32\WSOCK32.dll
0x00007ffcb50b0000 - 0x00007ffcb511f000 	C:\WINDOWS\System32\WS2_32.dll
0x00007ffcb0540000 - 0x00007ffcb0564000 	C:\WINDOWS\SYSTEM32\WINMM.dll
0x00007ffcaa980000 - 0x00007ffcaa98a000 	C:\WINDOWS\SYSTEM32\VERSION.dll
0x00007ffcb0510000 - 0x00007ffcb053d000 	C:\WINDOWS\SYSTEM32\WINMMBASE.dll
0x00007ffcb3a60000 - 0x00007ffcb3aaa000 	C:\WINDOWS\System32\cfgmgr32.dll
0x00007ffcad750000 - 0x00007ffcad75f000 	C:\Program Files\Android\Android Studio\jre\jre\bin\verify.dll
0x00007ffcad600000 - 0x00007ffcad629000 	C:\Program Files\Android\Android Studio\jre\jre\bin\java.dll
0x00007ffcac320000 - 0x00007ffcac336000 	C:\Program Files\Android\Android Studio\jre\jre\bin\zip.dll
0x00007ffcb3c80000 - 0x00007ffcb4368000 	C:\WINDOWS\System32\SHELL32.dll
0x00007ffcb4370000 - 0x00007ffcb4417000 	C:\WINDOWS\System32\shcore.dll
0x00007ffcb2d00000 - 0x00007ffcb347b000 	C:\WINDOWS\System32\windows.storage.dll
0x00007ffcb2ad0000 - 0x00007ffcb2aee000 	C:\WINDOWS\System32\profapi.dll
0x00007ffcb2a60000 - 0x00007ffcb2aaa000 	C:\WINDOWS\System32\powrprof.dll
0x00007ffcb2a50000 - 0x00007ffcb2a60000 	C:\WINDOWS\System32\UMPDC.dll
0x00007ffcb5640000 - 0x00007ffcb5692000 	C:\WINDOWS\System32\shlwapi.dll
0x00007ffcb2af0000 - 0x00007ffcb2b01000 	C:\WINDOWS\System32\kernel.appcore.dll
0x00007ffcb3a10000 - 0x00007ffcb3a27000 	C:\WINDOWS\System32\cryptsp.dll
0x00007ffca9d40000 - 0x00007ffca9d5a000 	C:\Program Files\Android\Android Studio\jre\jre\bin\net.dll
0x00007ffcb2230000 - 0x00007ffcb2297000 	C:\WINDOWS\system32\mswsock.dll
0x00007ffca9a50000 - 0x00007ffca9a63000 	C:\Program Files\Android\Android Studio\jre\jre\bin\nio.dll

VM Arguments:
java_command: org.jetbrains.kotlin.cli.jvm.K2JVMCompiler @C:\Users\Dendi\AndroidStudioProjects\filmscatalogs\app\build\20210426_8977116210338198589.compiler.options
java_class_path (initial): C:\Users\Dendi\.gradle\caches\modules-2\files-2.1\org.jetbrains.kotlin\kotlin-compiler-embeddable\1.4.32\b4fc9be460ca88eecea2303e142ce2920bd14775\kotlin-compiler-embeddable-1.4.32.jar;C:\Users\Dendi\.gradle\caches\modules-2\files-2.1\org.jetbrains.kotlin\kotlin-reflect\1.4.32\ce852b166d97f0f1991b5130c2bb02e2ef6c554e\kotlin-reflect-1.4.32.jar;C:\Users\Dendi\.gradle\caches\modules-2\files-2.1\org.jetbrains.kotlin\kotlin-stdlib\1.4.32\461367948840adbb0839c51d91ed74ef4a9ccb52\kotlin-stdlib-1.4.32.jar;C:\Users\Dendi\.gradle\caches\modules-2\files-2.1\org.jetbrains.kotlin\kotlin-script-runtime\1.4.32\bac50b0748be017dbc13fc1cb7231b1c9da0e106\kotlin-script-runtime-1.4.32.jar;C:\Users\Dendi\.gradle\caches\modules-2\files-2.1\org.jetbrains.kotlin\kotlin-daemon-embeddable\1.4.32\b40c5de5adea26ebb4e5fc36945c482ac20acee2\kotlin-daemon-embeddable-1.4.32.jar;C:\Users\Dendi\.gradle\caches\modules-2\files-2.1\org.jetbrains.intellij.deps\trove4j\1.0.20181211\216c2e14b070f334479d800987affe4054cd563f\trove4j-1.0.20181211.jar;C:\Users\Dendi\.gradle\caches\modules-2\files-2.1\org.jetbrains.kotlin\kotlin-stdlib-common\1.4.32\ef50bfa2c0491a11dcc35d9822edbfd6170e1ea2\kotlin-stdlib-common-1.4.32.jar;C:\Users\Dendi\.gradle\caches\modules-2\files-2.1\org.jetbrains\annotations\13.0\919f0dfe192fb4e063e7dacadee7f8bb9a2672a9\annotations-13.0.jar;C:\Program Files\Android\Android Studio\jre\lib\tools.jar
Launcher Type: SUN_STANDARD

Environment Variables:
JAVA_HOME=C:\Program Files\Zulu\zulu-15
PATH=C:\Program Files\Zulu\zulu-15\bin;C:\WINDOWS\system32;C:\WINDOWS;C:\WINDOWS\System32\Wbem;C:\WINDOWS\System32\WindowsPowerShell\v1.0\;C:\WINDOWS\System32\OpenSSH\;C:\Program Files\Git\cmd;C:\Program Files\nodejs\;C:\xampp\php;C:\ProgramData\ComposerSetup\bin;C:\Program Files\PostgreSQL\13\bin;C:\Users\Dendi\AppData\Local\Programs\Python\Python39\Scripts\;C:\Users\Dendi\AppData\Local\Programs\Python\Python39\;C:\Users\Dendi\AppData\Local\Microsoft\WindowsApps;C:\Users\Dendi\AppData\Local\Programs\Microsoft VS Code\bin;C:\Users\Dendi\AppData\Roaming\npm;C:\Users\Dendi\AppData\Roaming\Composer\vendor\bin;C:\msys64\mingw64\bin;
USERNAME=Dendi
OS=Windows_NT
PROCESSOR_IDENTIFIER=AMD64 Family 22 Model 48 Stepping 1, AuthenticAMD



---------------  S Y S T E M  ---------------

OS: Windows 10.0 , 64 bit Build 18362 (10.0.18362.1500)

CPU:total 4 (initial active 4) (4 cores per cpu, 1 threads per core) family 22 model 48 stepping 1, cmov, cx8, fxsr, mmx, sse, sse2, sse3, ssse3, sse4.1, sse4.2, popcnt, avx, aes, clmul, mmxext, 3dnowpref, lzcnt, sse4a, tsc, tscinvbit, tscinv, bmi1

Memory: 4k page, physical 2559860k(174008k free), swap 7540596k(5524k free)

vm_info: OpenJDK 64-Bit Server VM (25.242-b01) for windows-amd64 JRE (1.8.0_242-release-1644-b01), built by "builder" with MS VC++ 10.0 (VS2010)

time: Mon Apr 26 11:41:14 2021
timezone: SE Asia Standard Time
elapsed time: 62 seconds (0d 0h 1m 2s)

