#
# There is insufficient memory for the Java Runtime Environment to continue.
# Native memory allocation (malloc) failed to allocate 1041616 bytes for Chunk::new
# Possible reasons:
#   The system is out of physical RAM or swap space
#   The process is running with CompressedOops enabled, and the Java Heap may be blocking the growth of the native heap
# Possible solutions:
#   Reduce memory load on the system
#   Increase physical memory or swap space
#   Check if swap backing store is full
#   Decrease Java heap size (-Xmx/-Xms)
#   Decrease number of Java threads
#   Decrease Java thread stack sizes (-Xss)
#   Set larger code cache with -XX:ReservedCodeCacheSize=
#   JVM is running with Unscaled Compressed Oops mode in which the Java heap is
#     placed in the first 4GB address space. The Java Heap base address is the
#     maximum limit for the native heap growth. Please use -XX:HeapBaseMinAddress
#     to set the Java Heap base and to place the Java Heap above 4GB virtual address.
# This output file may be truncated or incomplete.
#
#  Out of Memory Error (allocation.cpp:389), pid=9048, tid=0x00000000000024fc
#
# JRE version: OpenJDK Runtime Environment (8.0_242-b01) (build 1.8.0_242-release-1644-b01)
# Java VM: OpenJDK 64-Bit Server VM (25.242-b01 mixed mode windows-amd64 compressed oops)
# Failed to write core dump. Minidumps are not enabled by default on client versions of Windows
#

---------------  T H R E A D  ---------------

Current thread (0x0000000017396800):  JavaThread "C2 CompilerThread0" daemon [_thread_in_native, id=9468, stack(0x00000000189f0000,0x0000000018af0000)]

Stack: [0x00000000189f0000,0x0000000018af0000]
[error occurred during error reporting (printing stack bounds), id 0xc0000005]

Native frames: (J=compiled Java code, j=interpreted, Vv=VM code, C=native code)


Current CompileTask:
C2:3337098 31135       4       com.android.tools.r8.ir.optimize.a0::a (425 bytes)


---------------  P R O C E S S  ---------------

Java Threads: ( => current thread )
  0x00000000282a5800 JavaThread "RMI TCP Connection(idle)" daemon [_thread_blocked, id=8692, stack(0x0000000034360000,0x0000000034460000)]
  0x000000002829b000 JavaThread "Cache worker for execution history cache (C:\Users\Dendi\AndroidStudioProjects\filmscatalogs\.gradle\6.5\executionHistory)" [_thread_blocked, id=10260, stack(0x0000000034260000,0x0000000034360000)]
  0x00000000282a2000 JavaThread "Execution worker for ':' Thread 3" [_thread_blocked, id=1292, stack(0x0000000033d60000,0x0000000033e60000)]
  0x000000002829a800 JavaThread "Execution worker for ':' Thread 2" [_thread_blocked, id=7740, stack(0x0000000033c60000,0x0000000033d60000)]
  0x00000000282a1000 JavaThread "Execution worker for ':'" [_thread_blocked, id=4852, stack(0x0000000033b60000,0x0000000033c60000)]
  0x00000000282a0800 JavaThread "Cache worker for file content cache (C:\Users\Dendi\AndroidStudioProjects\filmscatalogs\.gradle\6.5\fileContent)" [_thread_blocked, id=3804, stack(0x0000000033a60000,0x0000000033b60000)]
  0x000000002829c000 JavaThread "pool-31-thread-1" [_thread_blocked, id=7288, stack(0x0000000033760000,0x0000000033860000)]
  0x000000002829f000 JavaThread "Cache worker for Build Output Cleanup Cache (C:\Users\Dendi\AndroidStudioProjects\filmscatalogs\.gradle\buildOutputCleanup)" [_thread_blocked, id=8312, stack(0x0000000033660000,0x0000000033760000)]
  0x0000000028299000 JavaThread "jar transforms Thread 1596" [_thread_blocked, id=3600, stack(0x0000000033560000,0x0000000033660000)]
  0x0000000028299800 JavaThread "jar transforms Thread 1595" [_thread_blocked, id=7616, stack(0x0000000033460000,0x0000000033560000)]
  0x000000002829d800 JavaThread "jar transforms Thread 1594" [_thread_blocked, id=11112, stack(0x0000000033360000,0x0000000033460000)]
  0x000000002829c800 JavaThread "jar transforms Thread 1593" [_thread_blocked, id=10600, stack(0x0000000033260000,0x0000000033360000)]
  0x000000001b98a800 JavaThread "jar transforms Thread 1592" [_thread_blocked, id=7504, stack(0x0000000033160000,0x0000000033260000)]
  0x000000001b98d800 JavaThread "jar transforms Thread 1591" [_thread_blocked, id=5600, stack(0x0000000033060000,0x0000000033160000)]
  0x000000001b98a000 JavaThread "jar transforms Thread 1590" [_thread_blocked, id=9236, stack(0x0000000032f60000,0x0000000033060000)]
  0x000000001b98c000 JavaThread "jar transforms Thread 1589" [_thread_blocked, id=1600, stack(0x0000000032e60000,0x0000000032f60000)]
  0x000000001b989000 JavaThread "jar transforms Thread 1588" [_thread_blocked, id=6264, stack(0x0000000032d60000,0x0000000032e60000)]
  0x000000001b98d000 JavaThread "jar transforms Thread 1587" [_thread_blocked, id=2300, stack(0x0000000032c60000,0x0000000032d60000)]
  0x000000001b988800 JavaThread "jar transforms Thread 1586" [_thread_blocked, id=1140, stack(0x0000000032b60000,0x0000000032c60000)]
  0x000000001b98b800 JavaThread "jar transforms Thread 1585" [_thread_blocked, id=4372, stack(0x0000000032a60000,0x0000000032b60000)]
  0x000000001b981000 JavaThread "jar transforms Thread 1584" [_thread_blocked, id=1028, stack(0x0000000032960000,0x0000000032a60000)]
  0x000000001b987800 JavaThread "jar transforms Thread 1583" [_thread_blocked, id=3632, stack(0x0000000032860000,0x0000000032960000)]
  0x000000001b980000 JavaThread "jar transforms Thread 1582" [_thread_blocked, id=4872, stack(0x0000000032760000,0x0000000032860000)]
  0x000000001b985800 JavaThread "jar transforms Thread 1581" [_thread_blocked, id=72, stack(0x0000000032660000,0x0000000032760000)]
  0x000000001b987000 JavaThread "jar transforms Thread 1580" [_thread_blocked, id=10872, stack(0x0000000032560000,0x0000000032660000)]
  0x000000001b984800 JavaThread "jar transforms Thread 1579" [_thread_blocked, id=9632, stack(0x0000000032460000,0x0000000032560000)]
  0x000000001b982800 JavaThread "jar transforms Thread 1578" [_thread_blocked, id=7080, stack(0x0000000032360000,0x0000000032460000)]
  0x000000001b981800 JavaThread "jar transforms Thread 1577" [_thread_blocked, id=6572, stack(0x0000000032260000,0x0000000032360000)]
  0x000000001b983000 JavaThread "jar transforms Thread 1576" [_thread_blocked, id=10904, stack(0x0000000032160000,0x0000000032260000)]
  0x000000001b986000 JavaThread "jar transforms Thread 1575" [_thread_blocked, id=2280, stack(0x0000000032060000,0x0000000032160000)]
  0x000000001b984000 JavaThread "jar transforms Thread 1574" [_thread_blocked, id=568, stack(0x0000000031f60000,0x0000000032060000)]
  0x000000002817b000 JavaThread "jar transforms Thread 1573" [_thread_blocked, id=10784, stack(0x0000000031e60000,0x0000000031f60000)]
  0x000000002817a000 JavaThread "jar transforms Thread 1572" [_thread_blocked, id=4192, stack(0x0000000030980000,0x0000000030a80000)]
  0x0000000028178000 JavaThread "jar transforms Thread 1571" [_thread_blocked, id=11240, stack(0x0000000030880000,0x0000000030980000)]
  0x0000000028179800 JavaThread "jar transforms Thread 1570" [_thread_blocked, id=10432, stack(0x0000000030780000,0x0000000030880000)]
  0x0000000028177000 JavaThread "jar transforms Thread 1569" [_thread_blocked, id=3036, stack(0x0000000030680000,0x0000000030780000)]
  0x0000000028176800 JavaThread "jar transforms Thread 1568" [_thread_blocked, id=10572, stack(0x0000000030580000,0x0000000030680000)]
  0x0000000028175800 JavaThread "jar transforms Thread 1567" [_thread_blocked, id=9064, stack(0x0000000030480000,0x0000000030580000)]
  0x000000002816e000 JavaThread "jar transforms Thread 1566" [_thread_blocked, id=9472, stack(0x0000000030380000,0x0000000030480000)]
  0x0000000028175000 JavaThread "jar transforms Thread 1565" [_thread_blocked, id=1176, stack(0x0000000030280000,0x0000000030380000)]
  0x000000002816d800 JavaThread "jar transforms Thread 1564" [_thread_blocked, id=10328, stack(0x0000000030180000,0x0000000030280000)]
  0x0000000028174000 JavaThread "jar transforms Thread 1563" [_thread_blocked, id=1332, stack(0x0000000030080000,0x0000000030180000)]
  0x0000000028173800 JavaThread "jar transforms Thread 1562" [_thread_blocked, id=6860, stack(0x000000002ff80000,0x0000000030080000)]
  0x0000000028170800 JavaThread "jar transforms Thread 1561" [_thread_blocked, id=10212, stack(0x000000002fe80000,0x000000002ff80000)]
  0x0000000028172800 JavaThread "jar transforms Thread 1560" [_thread_blocked, id=1092, stack(0x000000002fd80000,0x000000002fe80000)]
  0x000000002816f800 JavaThread "jar transforms Thread 1559" [_thread_blocked, id=5476, stack(0x000000002f850000,0x000000002f950000)]
  0x000000002816f000 JavaThread "jar transforms Thread 1558" [_thread_blocked, id=5512, stack(0x000000002f150000,0x000000002f250000)]
  0x0000000028172000 JavaThread "jar transforms Thread 1557" [_thread_blocked, id=8384, stack(0x000000002f050000,0x000000002f150000)]
  0x0000000028171000 JavaThread "jar transforms Thread 1556" [_thread_blocked, id=1068, stack(0x000000002d780000,0x000000002d880000)]
  0x000000002816c800 JavaThread "jar transforms Thread 1555" [_thread_blocked, id=9836, stack(0x000000002d680000,0x000000002d780000)]
  0x000000002a41b000 JavaThread "jar transforms Thread 1554" [_thread_blocked, id=5132, stack(0x000000002d580000,0x000000002d680000)]
  0x000000002a41a800 JavaThread "jar transforms Thread 1553" [_thread_blocked, id=6080, stack(0x000000002d480000,0x000000002d580000)]
  0x000000002a419800 JavaThread "jar transforms Thread 1552" [_thread_blocked, id=7828, stack(0x000000002d380000,0x000000002d480000)]
  0x000000002a419000 JavaThread "jar transforms Thread 1551" [_thread_blocked, id=4628, stack(0x000000002d280000,0x000000002d380000)]
  0x000000002a418000 JavaThread "jar transforms Thread 1550" [_thread_blocked, id=4068, stack(0x000000002d180000,0x000000002d280000)]
  0x000000002a417800 JavaThread "jar transforms Thread 1549" [_thread_blocked, id=5296, stack(0x000000002d080000,0x000000002d180000)]
  0x000000002a416800 JavaThread "jar transforms Thread 1548" [_thread_blocked, id=9432, stack(0x000000002cf80000,0x000000002d080000)]
  0x000000002a40f000 JavaThread "jar transforms Thread 1547" [_thread_blocked, id=10536, stack(0x000000002ce80000,0x000000002cf80000)]
  0x000000002a416000 JavaThread "jar transforms Thread 1546" [_thread_blocked, id=4332, stack(0x000000002cd80000,0x000000002ce80000)]
  0x000000002a415000 JavaThread "jar transforms Thread 1545" [_thread_blocked, id=10256, stack(0x000000002cc80000,0x000000002cd80000)]
  0x000000002a414800 JavaThread "jar transforms Thread 1544" [_thread_blocked, id=6556, stack(0x000000002cb80000,0x000000002cc80000)]
  0x000000002a413800 JavaThread "jar transforms Thread 1543" [_thread_blocked, id=11064, stack(0x000000002ca80000,0x000000002cb80000)]
  0x000000002a413000 JavaThread "jar transforms Thread 1542" [_thread_blocked, id=10960, stack(0x000000002c180000,0x000000002c280000)]
  0x000000002a411800 JavaThread "jar transforms Thread 1541" [_thread_blocked, id=9768, stack(0x000000002c080000,0x000000002c180000)]
  0x000000002a40d000 JavaThread "jar transforms Thread 1540" [_thread_blocked, id=4664, stack(0x000000002bf80000,0x000000002c080000)]
  0x000000002a40d800 JavaThread "jar transforms Thread 1539" [_thread_blocked, id=2540, stack(0x000000002be80000,0x000000002bf80000)]
  0x000000002a410000 JavaThread "jar transforms Thread 1538" [_thread_blocked, id=9516, stack(0x000000002b980000,0x000000002ba80000)]
  0x000000002a410800 JavaThread "jar transforms Thread 1537" [_thread_blocked, id=1836, stack(0x000000002b880000,0x000000002b980000)]
  0x000000002a412000 JavaThread "jar transforms Thread 1536" [_thread_blocked, id=9244, stack(0x000000002b780000,0x000000002b880000)]
  0x000000002a40e800 JavaThread "jar transforms Thread 1535" [_thread_blocked, id=9512, stack(0x000000002b680000,0x000000002b780000)]
  0x000000002a40a800 JavaThread "jar transforms Thread 1534" [_thread_blocked, id=10804, stack(0x000000002b580000,0x000000002b680000)]
  0x000000002a401800 JavaThread "jar transforms Thread 1533" [_thread_blocked, id=6488, stack(0x000000002b080000,0x000000002b180000)]
  0x000000002a408800 JavaThread "jar transforms Thread 1532" [_thread_blocked, id=8356, stack(0x000000002af80000,0x000000002b080000)]
  0x000000002a401000 JavaThread "jar transforms Thread 1531" [_thread_blocked, id=8748, stack(0x000000002ae80000,0x000000002af80000)]
  0x000000002a407000 JavaThread "jar transforms Thread 1530" [_thread_blocked, id=9696, stack(0x00000000297b0000,0x00000000298b0000)]
  0x000000002a407800 JavaThread "jar transforms Thread 1529" [_thread_blocked, id=7524, stack(0x00000000288b0000,0x00000000289b0000)]
  0x000000002a403000 JavaThread "jar transforms Thread 1528" [_thread_blocked, id=10264, stack(0x00000000277e0000,0x00000000278e0000)]
  0x000000002a404800 JavaThread "jar transforms Thread 1527" [_thread_blocked, id=1296, stack(0x0000000027150000,0x0000000027250000)]
  0x000000002a402800 JavaThread "jar transforms Thread 1526" [_thread_blocked, id=10752, stack(0x0000000027050000,0x0000000027150000)]
  0x000000002a3ff800 JavaThread "jar transforms Thread 1525" [_thread_blocked, id=5516, stack(0x0000000026f50000,0x0000000027050000)]
  0x000000002a3fd000 JavaThread "jar transforms Thread 1524" [_thread_blocked, id=10504, stack(0x0000000026e50000,0x0000000026f50000)]
  0x0000000031289000 JavaThread "jar transforms Thread 1523" [_thread_blocked, id=7872, stack(0x0000000026d50000,0x0000000026e50000)]
  0x0000000031288000 JavaThread "jar transforms Thread 1522" [_thread_blocked, id=10792, stack(0x0000000026c50000,0x0000000026d50000)]
  0x0000000031287800 JavaThread "jar transforms Thread 1521" [_thread_blocked, id=7100, stack(0x0000000026b50000,0x0000000026c50000)]
  0x0000000031289800 JavaThread "jar transforms Thread 1520" [_thread_blocked, id=10552, stack(0x0000000026a50000,0x0000000026b50000)]
  0x000000003127f800 JavaThread "jar transforms Thread 1519" [_thread_blocked, id=3616, stack(0x0000000026950000,0x0000000026a50000)]
  0x0000000031286800 JavaThread "jar transforms Thread 1518" [_thread_blocked, id=11096, stack(0x0000000026850000,0x0000000026950000)]
  0x0000000031285000 JavaThread "jar transforms Thread 1517" [_thread_blocked, id=740, stack(0x0000000026750000,0x0000000026850000)]
  0x0000000031284800 JavaThread "jar transforms Thread 1516" [_thread_blocked, id=10144, stack(0x0000000026650000,0x0000000026750000)]
  0x000000003127f000 JavaThread "jar transforms Thread 1515" [_thread_blocked, id=10488, stack(0x0000000026550000,0x0000000026650000)]
  0x0000000031283800 JavaThread "jar transforms Thread 1514" [_thread_blocked, id=9936, stack(0x0000000026450000,0x0000000026550000)]
  0x0000000031286000 JavaThread "jar transforms Thread 1513" [_thread_blocked, id=10104, stack(0x0000000026350000,0x0000000026450000)]
  0x000000003127e000 JavaThread "jar transforms Thread 1512" [_thread_blocked, id=1504, stack(0x0000000026250000,0x0000000026350000)]
  0x0000000031282000 JavaThread "jar transforms Thread 1511" [_thread_blocked, id=9388, stack(0x0000000026150000,0x0000000026250000)]
  0x0000000031282800 JavaThread "jar transforms Thread 1510" [_thread_blocked, id=2776, stack(0x0000000026050000,0x0000000026150000)]
  0x0000000031280800 JavaThread "jar transforms Thread 1509" [_thread_blocked, id=10100, stack(0x0000000025f50000,0x0000000026050000)]
  0x000000003127c800 JavaThread "jar transforms Thread 1508" [_thread_blocked, id=7272, stack(0x0000000025e50000,0x0000000025f50000)]
  0x000000003127d800 JavaThread "jar transforms Thread 1507" [_thread_blocked, id=1624, stack(0x0000000025d50000,0x0000000025e50000)]
  0x0000000031281000 JavaThread "jar transforms Thread 1506" [_thread_blocked, id=9324, stack(0x0000000025c50000,0x0000000025d50000)]
  0x000000003127c000 JavaThread "jar transforms Thread 1505" [_thread_blocked, id=10180, stack(0x0000000025b50000,0x0000000025c50000)]
  0x0000000031274800 JavaThread "jar transforms Thread 1504" [_thread_blocked, id=11036, stack(0x0000000025a50000,0x0000000025b50000)]
  0x0000000031279800 JavaThread "jar transforms Thread 1503" [_thread_blocked, id=4788, stack(0x0000000025950000,0x0000000025a50000)]
  0x0000000031275000 JavaThread "jar transforms Thread 1502" [_thread_blocked, id=9728, stack(0x0000000025850000,0x0000000025950000)]
  0x000000003127b000 JavaThread "jar transforms Thread 1501" [_thread_blocked, id=7088, stack(0x0000000025750000,0x0000000025850000)]
  0x000000003127a800 JavaThread "jar transforms Thread 1500" [_thread_blocked, id=5228, stack(0x0000000025650000,0x0000000025750000)]
  0x0000000031276000 JavaThread "jar transforms Thread 1499" [_thread_blocked, id=5356, stack(0x0000000025550000,0x0000000025650000)]
  0x0000000031277800 JavaThread "jar transforms Thread 1498" [_thread_blocked, id=4036, stack(0x0000000025450000,0x0000000025550000)]
  0x0000000031279000 JavaThread "jar transforms Thread 1497" [_thread_blocked, id=3388, stack(0x0000000025350000,0x0000000025450000)]
  0x0000000031278000 JavaThread "jar transforms Thread 1496" [_thread_blocked, id=9528, stack(0x0000000025250000,0x0000000025350000)]
  0x0000000031276800 JavaThread "jar transforms Thread 1495" [_thread_blocked, id=8148, stack(0x0000000025150000,0x0000000025250000)]
  0x000000003126d000 JavaThread "jar transforms Thread 1494" [_thread_blocked, id=10216, stack(0x0000000025050000,0x0000000025150000)]
  0x0000000031273800 JavaThread "jar transforms Thread 1493" [_thread_blocked, id=6632, stack(0x0000000024f50000,0x0000000025050000)]
  0x000000003126c000 JavaThread "jar transforms Thread 1492" [_thread_blocked, id=8924, stack(0x0000000024e50000,0x0000000024f50000)]
  0x0000000031273000 JavaThread "jar transforms Thread 1491" [_thread_blocked, id=9356, stack(0x0000000024d50000,0x0000000024e50000)]
  0x000000003126b800 JavaThread "jar transforms Thread 1490" [_thread_blocked, id=4460, stack(0x0000000024c50000,0x0000000024d50000)]
  0x0000000031271800 JavaThread "jar transforms Thread 1489" [_thread_blocked, id=8880, stack(0x0000000024b50000,0x0000000024c50000)]
  0x0000000031270800 JavaThread "jar transforms Thread 1488" [_thread_blocked, id=3660, stack(0x0000000021ae0000,0x0000000021be0000)]
  0x0000000031270000 JavaThread "jar transforms Thread 1487" [_thread_blocked, id=11124, stack(0x0000000021550000,0x0000000021650000)]
  0x0000000031272000 JavaThread "jar transforms Thread 1486" [_thread_blocked, id=10932, stack(0x0000000021450000,0x0000000021550000)]
  0x000000003126f000 JavaThread "jar transforms Thread 1485" [_thread_blocked, id=9192, stack(0x00000000210e0000,0x00000000211e0000)]
  0x000000003126a800 JavaThread "jar transforms Thread 1484" [_thread_blocked, id=2340, stack(0x0000000020fe0000,0x00000000210e0000)]
  0x00000000224bf800 JavaThread "jar transforms Thread 1483" [_thread_blocked, id=6472, stack(0x00000000208e0000,0x00000000209e0000)]
  0x00000000224bf000 JavaThread "Build operations Thread 4" [_thread_in_Java, id=10464, stack(0x00000000204e0000,0x00000000205e0000)]
  0x00000000224be000 JavaThread "Build operations Thread 3" [_thread_in_vm, id=11176, stack(0x000000001ffe0000,0x00000000200e0000)]
  0x00000000224c0800 JavaThread "Build operations Thread 2" [_thread_in_vm, id=9000, stack(0x000000001fee0000,0x000000001ffe0000)]
  0x00000000224bd800 JavaThread "Build operations" [_thread_in_Java, id=3324, stack(0x000000001fde0000,0x000000001fee0000)]
  0x00000000224c1000 JavaThread "Cache worker for cache directory md-rule (C:\Users\Dendi\.gradle\caches\6.5\md-rule)" [_thread_blocked, id=1856, stack(0x000000001fce0000,0x000000001fde0000)]
  0x00000000224b6000 JavaThread "Cache worker for cache directory md-supplier (C:\Users\Dendi\.gradle\caches\6.5\md-supplier)" [_thread_blocked, id=6072, stack(0x000000001f4e0000,0x000000001f5e0000)]
  0x00000000224bc800 JavaThread "Cache worker for checksums cache (C:\Users\Dendi\AndroidStudioProjects\filmscatalogs\.gradle\checksums)" [_thread_blocked, id=5520, stack(0x000000001ece0000,0x000000001ede0000)]
  0x00000000224b5000 JavaThread "Cache worker for file hash cache (C:\Users\Dendi\AndroidStudioProjects\filmscatalogs\.gradle\6.5\fileHashes)" [_thread_blocked, id=9260, stack(0x000000001ebe0000,0x000000001ece0000)]
  0x00000000224bc000 JavaThread "Thread-1844" [_thread_blocked, id=10012, stack(0x000000001eae0000,0x000000001ebe0000)]
  0x00000000224b6800 JavaThread "Stdin handler" [_thread_blocked, id=8872, stack(0x000000001e7e0000,0x000000001e8e0000)]
  0x00000000224b4800 JavaThread "Asynchronous log dispatcher for DefaultDaemonConnection: socket connection from /127.0.0.1:49724 to /127.0.0.1:50830" [_thread_blocked, id=4396, stack(0x000000001cc10000,0x000000001cd10000)]
  0x00000000224b2000 JavaThread "Daemon worker Thread 10" [_thread_blocked, id=712, stack(0x000000001cb10000,0x000000001cc10000)]
  0x00000000224b3800 JavaThread "Cancel handler" [_thread_blocked, id=8348, stack(0x000000001c810000,0x000000001c910000)]
  0x00000000224b9000 JavaThread "Handler for socket connection from /127.0.0.1:49724 to /127.0.0.1:50830" [_thread_in_native, id=8736, stack(0x000000001c1d0000,0x000000001c2d0000)]
  0x00000000224b8000 JavaThread "Daemon Thread 10" [_thread_blocked, id=7728, stack(0x000000001c0d0000,0x000000001c1d0000)]
  0x00000000282a4000 JavaThread "RMI RenewClean-[127.0.0.1:17022,org.jetbrains.kotlin.daemon.common.LoopbackNetworkInterface$ClientLoopbackSocketFactory@580b6557]" daemon [_thread_blocked, id=5844, stack(0x000000001cd10000,0x000000001ce10000)]
  0x000000002a40b800 JavaThread "Cache worker for Java compile cache (C:\Users\Dendi\.gradle\caches\6.5\javaCompile)" [_thread_blocked, id=10816, stack(0x00000000209e0000,0x0000000020ae0000)]
  0x000000002a40c000 JavaThread "RMI Reaper" [_thread_blocked, id=10124, stack(0x00000000207e0000,0x00000000208e0000)]
  0x000000002a40a000 JavaThread "RMI TCP Accept-0" daemon [_thread_in_native, id=2976, stack(0x00000000206e0000,0x00000000207e0000)]
  0x000000002a409000 JavaThread "GC Daemon" daemon [_thread_blocked, id=8184, stack(0x00000000205e0000,0x00000000206e0000)]
  0x000000002a406000 JavaThread "RMI Scheduler(0)" daemon [_thread_blocked, id=8088, stack(0x000000001ce10000,0x000000001cf10000)]
  0x000000001b98f000 JavaThread "Memory manager" [_thread_blocked, id=3636, stack(0x0000000002470000,0x0000000002570000)]
  0x0000000019841000 JavaThread "Cache worker for file content cache (C:\Users\Dendi\.gradle\caches\6.5\fileContent)" [_thread_blocked, id=5524, stack(0x000000001f5e0000,0x000000001f6e0000)]
  0x000000001983e000 JavaThread "Cache worker for execution history cache (C:\Users\Dendi\.gradle\caches\6.5\executionHistory)" [_thread_blocked, id=9996, stack(0x000000001ede0000,0x000000001eee0000)]
  0x000000001983f800 JavaThread "Cache worker for file hash cache (C:\Users\Dendi\.gradle\caches\6.5\fileHashes)" [_thread_blocked, id=9716, stack(0x000000001d310000,0x000000001d410000)]
  0x0000000019841800 JavaThread "File lock request listener" [_thread_in_native, id=9664, stack(0x000000001d210000,0x000000001d310000)]
  0x000000001979c800 JavaThread "Cache worker for journal cache (C:\Users\Dendi\.gradle\caches\journal-1)" [_thread_blocked, id=9700, stack(0x000000001d110000,0x000000001d210000)]
  0x0000000019cac000 JavaThread "Daemon periodic checks" [_thread_blocked, id=9344, stack(0x000000001c510000,0x000000001c610000)]
  0x000000001a35d000 JavaThread "Incoming local TCP Connector on port 49724" [_thread_in_native, id=7928, stack(0x000000001c2d0000,0x000000001c3d0000)]
  0x000000001acb0800 JavaThread "Daemon health stats" [_thread_blocked, id=9592, stack(0x000000001bc90000,0x000000001bd90000)]
  0x00000000173ec800 JavaThread "Service Thread" daemon [_thread_blocked, id=9460, stack(0x00000000190f0000,0x00000000191f0000)]
  0x000000001739d000 JavaThread "C1 CompilerThread2" daemon [_thread_blocked, id=2240, stack(0x0000000018bf0000,0x0000000018cf0000)]
  0x0000000017398800 JavaThread "C2 CompilerThread1" daemon [_thread_in_native, id=7076, stack(0x0000000018af0000,0x0000000018bf0000)]
=>0x0000000017396800 JavaThread "C2 CompilerThread0" daemon [_thread_in_native, id=9468, stack(0x00000000189f0000,0x0000000018af0000)]
  0x0000000017394800 JavaThread "Attach Listener" daemon [_thread_blocked, id=9496, stack(0x00000000188f0000,0x00000000189f0000)]
  0x0000000017390000 JavaThread "Signal Dispatcher" daemon [_thread_blocked, id=9812, stack(0x00000000187f0000,0x00000000188f0000)]
  0x000000000276b000 JavaThread "Finalizer" daemon [_thread_blocked, id=9276, stack(0x00000000185f0000,0x00000000186f0000)]
  0x0000000017379000 JavaThread "Reference Handler" daemon [_thread_blocked, id=10048, stack(0x00000000184f0000,0x00000000185f0000)]
  0x000000000245d800 JavaThread "main" [_thread_blocked, id=9280, stack(0x0000000002570000,0x0000000002670000)]

Other Threads:
  0x0000000017356000 VMThread [stack: 0x00000000183f0000,0x00000000184f0000] [id=2116]
  0x00000000173a2800 WatcherThread [stack: 0x00000000191f0000,0x00000000192f0000] [id=9544]

VM state:not at safepoint (normal execution)

VM Mutex/Monitor currently owned by a thread: None

heap address: 0x0000000080000000, size: 2048 MB, Compressed Oops mode: 32-bit
Narrow klass base: 0x0000000000000000, Narrow klass shift: 3
Compressed class space size: 1073741824 Address: 0x0000000100000000

Heap:
 PSYoungGen      total 538112K, used 249827K [0x00000000d5580000, 0x00000000fde80000, 0x0000000100000000)
  eden space 472064K, 50% used [0x00000000d5580000,0x00000000e3f50e80,0x00000000f2280000)
  from space 66048K, 15% used [0x00000000f2280000,0x00000000f2cac4a8,0x00000000f6300000)
  to   space 64512K, 0% used [0x00000000f9f80000,0x00000000f9f80000,0x00000000fde80000)
 ParOldGen       total 209408K, used 122194K [0x0000000080000000, 0x000000008cc80000, 0x00000000d5580000)
  object space 209408K, 58% used [0x0000000080000000,0x0000000087754ba0,0x000000008cc80000)
 Metaspace       used 131576K, capacity 141968K, committed 142284K, reserved 1173504K
  class space    used 16952K, capacity 18730K, committed 18944K, reserved 1048576K

Card table byte_map: [0x0000000011b30000,0x0000000011f40000] byte_map_base: 0x0000000011730000

Marking Bits: (ParMarkBitMap*) 0x000000005679f030
 Begin Bits: [0x00000000125f0000, 0x00000000145f0000)
 End Bits:   [0x00000000145f0000, 0x00000000165f0000)

Polling page: 0x0000000000760000

CodeCache: size=245760Kb used=85633Kb max_used=85633Kb free=160126Kb
 bounds [0x0000000002770000, 0x0000000007b90000, 0x0000000011770000]
 total_blobs=24792 nmethods=23798 adapters=905
 compilation: enabled

Compilation events (10 events):
Event: 3336.413 Thread 0x000000001739d000 31170       2       com.android.tools.r8.s.b.k0::a (61 bytes)
Event: 3336.433 Thread 0x000000001739d000 nmethod 31170 0x0000000007b4bf50 code [0x0000000007b4c100, 0x0000000007b4c448]
Event: 3336.699 Thread 0x000000001739d000 31176       2       java.util.WeakHashMap::transfer (107 bytes)
Event: 3336.729 Thread 0x000000001739d000 nmethod 31176 0x0000000007b4b850 code [0x0000000007b4b9c0, 0x0000000007b4bd10]
Event: 3336.831 Thread 0x000000001739d000 31181       2       com.android.tools.r8.s.b.i0::a (4 bytes)
Event: 3336.832 Thread 0x000000001739d000 nmethod 31181 0x0000000007b0e250 code [0x0000000007b0e3a0, 0x0000000007b0e4f0]
Event: 3336.835 Thread 0x000000001739d000 31182       2       com.android.tools.r8.s.b.k0::a (24 bytes)
Event: 3336.836 Thread 0x000000001739d000 nmethod 31182 0x0000000007b0bd10 code [0x0000000007b0be80, 0x0000000007b0c0b8]
Event: 3336.837 Thread 0x000000001739d000 31183 %     3       com.android.tools.r8.ir.optimize.l::q @ 31 (468 bytes)
Event: 3336.901 Thread 0x000000001739d000 nmethod 31183% 0x0000000007b85210 code [0x0000000007b858c0, 0x0000000007b8ad28]

GC Heap History (10 events):
Event: 2380.841 GC heap before
{Heap before GC invocations=49 (full 5):
 PSYoungGen      total 425472K, used 395172K [0x00000000d5580000, 0x00000000f5880000, 0x0000000100000000)
  eden space 374272K, 99% used [0x00000000d5580000,0x00000000ec2fd338,0x00000000ec300000)
  from space 51200K, 40% used [0x00000000ec300000,0x00000000ed76bea0,0x00000000ef500000)
  to   space 48640K, 0% used [0x00000000f2900000,0x00000000f2900000,0x00000000f5880000)
 ParOldGen       total 162816K, used 106244K [0x0000000080000000, 0x0000000089f00000, 0x00000000d5580000)
  object space 162816K, 65% used [0x0000000080000000,0x00000000867c1328,0x0000000089f00000)
 Metaspace       used 129833K, capacity 138530K, committed 138700K, reserved 1169408K
  class space    used 16716K, capacity 18338K, committed 18432K, reserved 1048576K
Event: 2381.892 GC heap after
Heap after GC invocations=49 (full 5):
 PSYoungGen      total 460288K, used 48620K [0x00000000d5580000, 0x00000000f7c00000, 0x0000000100000000)
  eden space 411648K, 0% used [0x00000000d5580000,0x00000000d5580000,0x00000000ee780000)
  from space 48640K, 99% used [0x00000000f2900000,0x00000000f587b070,0x00000000f5880000)
  to   space 67072K, 0% used [0x00000000ee780000,0x00000000ee780000,0x00000000f2900000)
 ParOldGen       total 162816K, used 134250K [0x0000000080000000, 0x0000000089f00000, 0x00000000d5580000)
  object space 162816K, 82% used [0x0000000080000000,0x000000008831aa98,0x0000000089f00000)
 Metaspace       used 129833K, capacity 138530K, committed 138700K, reserved 1169408K
  class space    used 16716K, capacity 18338K, committed 18432K, reserved 1048576K
}
Event: 2450.293 GC heap before
{Heap before GC invocations=50 (full 5):
 PSYoungGen      total 460288K, used 460268K [0x00000000d5580000, 0x00000000f7c00000, 0x0000000100000000)
  eden space 411648K, 100% used [0x00000000d5580000,0x00000000ee780000,0x00000000ee780000)
  from space 48640K, 99% used [0x00000000f2900000,0x00000000f587b070,0x00000000f5880000)
  to   space 67072K, 0% used [0x00000000ee780000,0x00000000ee780000,0x00000000f2900000)
 ParOldGen       total 162816K, used 134250K [0x0000000080000000, 0x0000000089f00000, 0x00000000d5580000)
  object space 162816K, 82% used [0x0000000080000000,0x000000008831aa98,0x0000000089f00000)
 Metaspace       used 130187K, capacity 139274K, committed 139596K, reserved 1171456K
  class space    used 16765K, capacity 18416K, committed 18560K, reserved 1048576K
Event: 2454.357 GC heap after
Heap after GC invocations=50 (full 5):
 PSYoungGen      total 478720K, used 41832K [0x00000000d5580000, 0x00000000fad00000, 0x0000000100000000)
  eden space 411648K, 0% used [0x00000000d5580000,0x00000000d5580000,0x00000000ee780000)
  from space 67072K, 62% used [0x00000000ee780000,0x00000000f105a0b0,0x00000000f2900000)
  to   space 69120K, 0% used [0x00000000f6980000,0x00000000f6980000,0x00000000fad00000)
 ParOldGen       total 169472K, used 169356K [0x0000000080000000, 0x000000008a580000, 0x00000000d5580000)
  object space 169472K, 99% used [0x0000000080000000,0x000000008a5631b8,0x000000008a580000)
 Metaspace       used 130187K, capacity 139274K, committed 139596K, reserved 1171456K
  class space    used 16765K, capacity 18416K, committed 18560K, reserved 1048576K
}
Event: 2454.359 GC heap before
{Heap before GC invocations=51 (full 6):
 PSYoungGen      total 478720K, used 41832K [0x00000000d5580000, 0x00000000fad00000, 0x0000000100000000)
  eden space 411648K, 0% used [0x00000000d5580000,0x00000000d5580000,0x00000000ee780000)
  from space 67072K, 62% used [0x00000000ee780000,0x00000000f105a0b0,0x00000000f2900000)
  to   space 69120K, 0% used [0x00000000f6980000,0x00000000f6980000,0x00000000fad00000)
 ParOldGen       total 169472K, used 169356K [0x0000000080000000, 0x000000008a580000, 0x00000000d5580000)
  object space 169472K, 99% used [0x0000000080000000,0x000000008a5631b8,0x000000008a580000)
 Metaspace       used 130187K, capacity 139274K, committed 139596K, reserved 1171456K
  class space    used 16765K, capacity 18416K, committed 18560K, reserved 1048576K
Event: 2466.941 GC heap after
Heap after GC invocations=51 (full 6):
 PSYoungGen      total 478720K, used 0K [0x00000000d5580000, 0x00000000fad00000, 0x0000000100000000)
  eden space 411648K, 0% used [0x00000000d5580000,0x00000000d5580000,0x00000000ee780000)
  from space 67072K, 0% used [0x00000000ee780000,0x00000000ee780000,0x00000000f2900000)
  to   space 69120K, 0% used [0x00000000f6980000,0x00000000f6980000,0x00000000fad00000)
 ParOldGen       total 209408K, used 116918K [0x0000000080000000, 0x000000008cc80000, 0x00000000d5580000)
  object space 209408K, 55% used [0x0000000080000000,0x000000008722db70,0x000000008cc80000)
 Metaspace       used 129888K, capacity 138590K, committed 139596K, reserved 1171456K
  class space    used 16690K, capacity 18255K, committed 18560K, reserved 1048576K
}
Event: 2635.065 GC heap before
{Heap before GC invocations=52 (full 6):
 PSYoungGen      total 478720K, used 411648K [0x00000000d5580000, 0x00000000fad00000, 0x0000000100000000)
  eden space 411648K, 100% used [0x00000000d5580000,0x00000000ee780000,0x00000000ee780000)
  from space 67072K, 0% used [0x00000000ee780000,0x00000000ee780000,0x00000000f2900000)
  to   space 69120K, 0% used [0x00000000f6980000,0x00000000f6980000,0x00000000fad00000)
 ParOldGen       total 209408K, used 116918K [0x0000000080000000, 0x000000008cc80000, 0x00000000d5580000)
  object space 209408K, 55% used [0x0000000080000000,0x000000008722db70,0x000000008cc80000)
 Metaspace       used 130109K, capacity 138890K, committed 139596K, reserved 1171456K
  class space    used 16694K, capacity 18261K, committed 18560K, reserved 1048576K
Event: 2637.182 GC heap after
Heap after GC invocations=52 (full 6):
 PSYoungGen      total 531456K, used 19724K [0x00000000d5580000, 0x00000000fa380000, 0x0000000100000000)
  eden space 472064K, 0% used [0x00000000d5580000,0x00000000d5580000,0x00000000f2280000)
  from space 59392K, 33% used [0x00000000f6980000,0x00000000f7cc30e0,0x00000000fa380000)
  to   space 66048K, 0% used [0x00000000f2280000,0x00000000f2280000,0x00000000f6300000)
 ParOldGen       total 209408K, used 116926K [0x0000000080000000, 0x000000008cc80000, 0x00000000d5580000)
  object space 209408K, 55% used [0x0000000080000000,0x000000008722fb70,0x000000008cc80000)
 Metaspace       used 130109K, capacity 138890K, committed 139596K, reserved 1171456K
  class space    used 16694K, capacity 18261K, committed 18560K, reserved 1048576K
}
Event: 3007.143 GC heap before
{Heap before GC invocations=53 (full 6):
 PSYoungGen      total 531456K, used 491788K [0x00000000d5580000, 0x00000000fa380000, 0x0000000100000000)
  eden space 472064K, 100% used [0x00000000d5580000,0x00000000f2280000,0x00000000f2280000)
  from space 59392K, 33% used [0x00000000f6980000,0x00000000f7cc30e0,0x00000000fa380000)
  to   space 66048K, 0% used [0x00000000f2280000,0x00000000f2280000,0x00000000f6300000)
 ParOldGen       total 209408K, used 116926K [0x0000000080000000, 0x000000008cc80000, 0x00000000d5580000)
  object space 209408K, 55% used [0x0000000080000000,0x000000008722fb70,0x000000008cc80000)
 Metaspace       used 130581K, capacity 139718K, committed 140108K, reserved 1171456K
  class space    used 16761K, capacity 18377K, committed 18560K, reserved 1048576K
Event: 3009.034 GC heap after
Heap after GC invocations=53 (full 6):
 PSYoungGen      total 538112K, used 10417K [0x00000000d5580000, 0x00000000fde80000, 0x0000000100000000)
  eden space 472064K, 0% used [0x00000000d5580000,0x00000000d5580000,0x00000000f2280000)
  from space 66048K, 15% used [0x00000000f2280000,0x00000000f2cac4a8,0x00000000f6300000)
  to   space 64512K, 0% used [0x00000000f9f80000,0x00000000f9f80000,0x00000000fde80000)
 ParOldGen       total 209408K, used 122194K [0x0000000080000000, 0x000000008cc80000, 0x00000000d5580000)
  object space 209408K, 58% used [0x0000000080000000,0x0000000087754ba0,0x000000008cc80000)
 Metaspace       used 130581K, capacity 139718K, committed 140108K, reserved 1171456K
  class space    used 16761K, capacity 18377K, committed 18560K, reserved 1048576K
}

Deoptimization events (10 events):
Event: 3333.214 Thread 0x00000000224bf000 Uncommon trap: reason=unstable_if action=reinterpret pc=0x0000000006d8d9b8 method=com.android.tools.r8.graph.i0.a(ILjava/lang/String;)Z @ 7
Event: 3333.214 Thread 0x00000000224c0800 Uncommon trap: reason=unstable_if action=reinterpret pc=0x0000000006d8d9b8 method=com.android.tools.r8.graph.i0.a(ILjava/lang/String;)Z @ 7
Event: 3333.231 Thread 0x00000000224c0800 Uncommon trap: reason=unstable_if action=reinterpret pc=0x0000000004ef3a78 method=com.android.tools.r8.graph.i0.a(ILjava/lang/String;)Z @ 7
Event: 3333.245 Thread 0x00000000224bd800 Uncommon trap: reason=unstable_if action=reinterpret pc=0x00000000077245a0 method=com.android.tools.r8.graph.i0.a(ILjava/lang/String;)Z @ 7
Event: 3333.690 Thread 0x00000000224c0800 Uncommon trap: reason=unstable_if action=reinterpret pc=0x0000000005d4aff8 method=com.android.tools.r8.ir.regalloc.a.b()V @ 993
Event: 3333.774 Thread 0x00000000224be000 Uncommon trap: reason=unstable_if action=reinterpret pc=0x00000000075a1330 method=com.android.tools.r8.z.a.a.f.a(Lcom/android/tools/r8/z/a/a/h;[Lcom/android/tools/r8/z/a/a/d;I)V @ 448
Event: 3334.365 Thread 0x00000000224be000 Uncommon trap: reason=unstable_if action=reinterpret pc=0x00000000069e0e00 method=com.android.tools.r8.ir.regalloc.a.b()V @ 993
Event: 3335.817 Thread 0x00000000224be000 Uncommon trap: reason=unloaded action=reinterpret pc=0x000000000775e348 method=com.android.tools.r8.graph.O0.a(I)V @ 2422
Event: 3336.058 Thread 0x00000000224be000 Uncommon trap: reason=unstable_if action=reinterpret pc=0x0000000005a73138 method=com.android.tools.r8.ir.conversion.N.a(Lcom/android/tools/r8/s/b/t1;II)V @ 95
Event: 3336.399 Thread 0x00000000224be000 Uncommon trap: reason=unstable_if action=reinterpret pc=0x0000000006a2b674 method=com.android.tools.r8.ir.optimize.l.q(Lcom/android/tools/r8/s/b/X;)V @ 311

Classes redefined (0 events):
No events

Internal exceptions (10 events):
Event: 3328.342 Thread 0x00000000224b2000 Exception <a 'sun/nio/fs/WindowsException'> (0x00000000e0250608) thrown at [C:\src\AOSP-openjdk-git\hotspot\src\share\vm\prims\jni.cpp, line 710]
Event: 3330.078 Thread 0x00000000224b2000 Exception <a 'sun/nio/fs/WindowsException'> (0x00000000e0ed6130) thrown at [C:\src\AOSP-openjdk-git\hotspot\src\share\vm\prims\jni.cpp, line 710]
Event: 3330.081 Thread 0x00000000224b2000 Exception <a 'sun/nio/fs/WindowsException'> (0x00000000e0ed79d0) thrown at [C:\src\AOSP-openjdk-git\hotspot\src\share\vm\prims\jni.cpp, line 710]
Event: 3332.837 Thread 0x00000000224bf000 Exception <a 'sun/nio/fs/WindowsException'> (0x00000000e1d08390) thrown at [C:\src\AOSP-openjdk-git\hotspot\src\share\vm\prims\jni.cpp, line 710]
Event: 3332.837 Thread 0x00000000224c0800 Exception <a 'sun/nio/fs/WindowsException'> (0x00000000e1ceb5d8) thrown at [C:\src\AOSP-openjdk-git\hotspot\src\share\vm\prims\jni.cpp, line 710]
Event: 3332.862 Thread 0x00000000224bd800 Exception <a 'sun/nio/fs/WindowsException'> (0x00000000e1ceb390) thrown at [C:\src\AOSP-openjdk-git\hotspot\src\share\vm\prims\jni.cpp, line 710]
Event: 3333.739 Thread 0x00000000224be000 Exception <a 'sun/nio/fs/WindowsException'> (0x00000000e20c6938) thrown at [C:\src\AOSP-openjdk-git\hotspot\src\share\vm\prims\jni.cpp, line 710]
Event: 3334.241 Thread 0x00000000224bf000 Exception <a 'sun/nio/fs/WindowsException'> (0x00000000e2246a68) thrown at [C:\src\AOSP-openjdk-git\hotspot\src\share\vm\prims\jni.cpp, line 710]
Event: 3334.241 Thread 0x00000000224c0800 Exception <a 'sun/nio/fs/WindowsException'> (0x00000000e2460838) thrown at [C:\src\AOSP-openjdk-git\hotspot\src\share\vm\prims\jni.cpp, line 710]
Event: 3334.244 Thread 0x00000000224bd800 Exception <a 'sun/nio/fs/WindowsException'> (0x00000000e24b5fe8) thrown at [C:\src\AOSP-openjdk-git\hotspot\src\share\vm\prims\jni.cpp, line 710]

Events (10 events):
Event: 3335.820 Thread 0x00000000224be000 DEOPT PACKING pc=0x000000000775e348 sp=0x00000000200dc610
Event: 3335.827 Thread 0x00000000224be000 DEOPT UNPACKING pc=0x00000000027b557b sp=0x00000000200dc5f8 mode 2
Event: 3336.058 Thread 0x00000000224be000 Uncommon trap: trap_request=0xffffff65 fr.pc=0x0000000005a73138
Event: 3336.058 Thread 0x00000000224be000 DEOPT PACKING pc=0x0000000005a73138 sp=0x00000000200dc580
Event: 3336.064 Thread 0x00000000224be000 DEOPT UNPACKING pc=0x00000000027b557b sp=0x00000000200dc568 mode 2
Event: 3336.393 Thread 0x00000000224be000 Uncommon trap: trap_request=0xffffff65 fr.pc=0x0000000006a2b674
Event: 3336.399 Thread 0x00000000224be000 DEOPT PACKING pc=0x0000000006a2b674 sp=0x00000000200dc740
Event: 3336.411 Thread 0x00000000224be000 DEOPT UNPACKING pc=0x00000000027b557b sp=0x00000000200dc758 mode 2
Event: 3336.948 Thread 0x00000000224be000 DEOPT PACKING pc=0x00000000058ebdd5 sp=0x00000000200dc3d0
Event: 3336.950 Thread 0x00000000224be000 DEOPT UNPACKING pc=0x00000000027b71d0 sp=0x00000000200dc218 mode 0


Dynamic libraries:
0x00007ff6887a0000 - 0x00007ff6887d1000 	C:\Program Files\Android\Android Studio\jre\bin\java.exe
0x00007ffe2fbc0000 - 0x00007ffe2fdb0000 	C:\WINDOWS\SYSTEM32\ntdll.dll
0x00007ffe2fac0000 - 0x00007ffe2fb72000 	C:\WINDOWS\System32\KERNEL32.DLL
0x00007ffe2d6f0000 - 0x00007ffe2d995000 	C:\WINDOWS\System32\KERNELBASE.dll
0x00007ffe2f3c0000 - 0x00007ffe2f463000 	C:\WINDOWS\System32\ADVAPI32.dll
0x00007ffe2e740000 - 0x00007ffe2e7de000 	C:\WINDOWS\System32\msvcrt.dll
0x00007ffe2fa20000 - 0x00007ffe2fab7000 	C:\WINDOWS\System32\sechost.dll
0x00007ffe2f210000 - 0x00007ffe2f32f000 	C:\WINDOWS\System32\RPCRT4.dll
0x00007ffe2f7c0000 - 0x00007ffe2f954000 	C:\WINDOWS\System32\USER32.dll
0x00007ffe2dae0000 - 0x00007ffe2db01000 	C:\WINDOWS\System32\win32u.dll
0x00007ffe2f390000 - 0x00007ffe2f3b6000 	C:\WINDOWS\System32\GDI32.dll
0x00007ffe2d450000 - 0x00007ffe2d5e8000 	C:\WINDOWS\System32\gdi32full.dll
0x00007ffe2d3b0000 - 0x00007ffe2d44e000 	C:\WINDOWS\System32\msvcp_win.dll
0x00007ffe2d5f0000 - 0x00007ffe2d6ea000 	C:\WINDOWS\System32\ucrtbase.dll
0x00007ffe1f7f0000 - 0x00007ffe1fa74000 	C:\WINDOWS\WinSxS\amd64_microsoft.windows.common-controls_6595b64144ccf1df_6.0.18362.1500_none_9e79be6de462295c\COMCTL32.dll
0x00007ffe2f480000 - 0x00007ffe2f7b6000 	C:\WINDOWS\System32\combase.dll
0x00007ffe2cb50000 - 0x00007ffe2cbd1000 	C:\WINDOWS\System32\bcryptPrimitives.dll
0x00007ffe2f9f0000 - 0x00007ffe2fa1e000 	C:\WINDOWS\System32\IMM32.DLL
0x0000000056de0000 - 0x0000000056eb2000 	C:\Program Files\Android\Android Studio\jre\jre\bin\msvcr100.dll
0x0000000055fd0000 - 0x000000005681b000 	C:\Program Files\Android\Android Studio\jre\jre\bin\server\jvm.dll
0x00007ffe2f960000 - 0x00007ffe2f968000 	C:\WINDOWS\System32\PSAPI.DLL
0x00007ffe2a9c0000 - 0x00007ffe2a9e4000 	C:\WINDOWS\SYSTEM32\WINMM.dll
0x00007ffe1a950000 - 0x00007ffe1a959000 	C:\WINDOWS\SYSTEM32\WSOCK32.dll
0x00007ffe24860000 - 0x00007ffe2486a000 	C:\WINDOWS\SYSTEM32\VERSION.dll
0x00007ffe2e7e0000 - 0x00007ffe2e84f000 	C:\WINDOWS\System32\WS2_32.dll
0x00007ffe2a990000 - 0x00007ffe2a9bd000 	C:\WINDOWS\SYSTEM32\WINMMBASE.dll
0x00007ffe2cbe0000 - 0x00007ffe2cc2a000 	C:\WINDOWS\System32\cfgmgr32.dll
0x00007ffe1fad0000 - 0x00007ffe1fadf000 	C:\Program Files\Android\Android Studio\jre\jre\bin\verify.dll
0x00007ffe0f340000 - 0x00007ffe0f369000 	C:\Program Files\Android\Android Studio\jre\jre\bin\java.dll
0x00007ffe1f230000 - 0x00007ffe1f246000 	C:\Program Files\Android\Android Studio\jre\jre\bin\zip.dll
0x00007ffe2e850000 - 0x00007ffe2ef38000 	C:\WINDOWS\System32\SHELL32.dll
0x00007ffe2e0b0000 - 0x00007ffe2e157000 	C:\WINDOWS\System32\shcore.dll
0x00007ffe2cc30000 - 0x00007ffe2d3ab000 	C:\WINDOWS\System32\windows.storage.dll
0x00007ffe2cad0000 - 0x00007ffe2caee000 	C:\WINDOWS\System32\profapi.dll
0x00007ffe2ca80000 - 0x00007ffe2caca000 	C:\WINDOWS\System32\powrprof.dll
0x00007ffe2ca70000 - 0x00007ffe2ca80000 	C:\WINDOWS\System32\UMPDC.dll
0x00007ffe2f970000 - 0x00007ffe2f9c2000 	C:\WINDOWS\System32\shlwapi.dll
0x00007ffe2caf0000 - 0x00007ffe2cb01000 	C:\WINDOWS\System32\kernel.appcore.dll
0x00007ffe2cb30000 - 0x00007ffe2cb47000 	C:\WINDOWS\System32\cryptsp.dll
0x00007ffe1ec70000 - 0x00007ffe1ec8a000 	C:\Program Files\Android\Android Studio\jre\jre\bin\net.dll
0x00007ffe2c250000 - 0x00007ffe2c2b7000 	C:\WINDOWS\system32\mswsock.dll
0x00007ffe19040000 - 0x00007ffe19053000 	C:\Program Files\Android\Android Studio\jre\jre\bin\nio.dll
0x00007ffe1e570000 - 0x00007ffe1e597000 	C:\Users\Dendi\.gradle\native\f6784746aeab05261644944871eae4fe03e0ef1612fff0a4a95f87b438bc6780\windows-amd64\native-platform.dll
0x00007ffe0ddf0000 - 0x00007ffe0ddfd000 	C:\Program Files\Android\Android Studio\jre\jre\bin\management.dll
0x00007ffe2bdd0000 - 0x00007ffe2be03000 	C:\WINDOWS\system32\rsaenh.dll
0x00007ffe2da50000 - 0x00007ffe2da76000 	C:\WINDOWS\System32\bcrypt.dll
0x00007ffe2c960000 - 0x00007ffe2c985000 	C:\WINDOWS\SYSTEM32\USERENV.dll
0x00007ffe2c480000 - 0x00007ffe2c48c000 	C:\WINDOWS\SYSTEM32\CRYPTBASE.dll
0x00007ffe2bf60000 - 0x00007ffe2bf9a000 	C:\WINDOWS\SYSTEM32\IPHLPAPI.DLL
0x00007ffe2f470000 - 0x00007ffe2f478000 	C:\WINDOWS\System32\NSI.dll
0x00007ffe24af0000 - 0x00007ffe24b06000 	C:\WINDOWS\SYSTEM32\dhcpcsvc6.DLL
0x00007ffe25370000 - 0x00007ffe2538c000 	C:\WINDOWS\SYSTEM32\dhcpcsvc.DLL
0x00007ffe2bfa0000 - 0x00007ffe2c06b000 	C:\WINDOWS\SYSTEM32\DNSAPI.dll
0x00007ffe25960000 - 0x00007ffe2596b000 	C:\WINDOWS\SYSTEM32\WINNSI.DLL
0x00007ffdf2e60000 - 0x00007ffdf2e84000 	C:\Program Files\Android\Android Studio\jre\jre\bin\sunec.dll
0x00007ffe1e120000 - 0x00007ffe1e12a000 	C:\Windows\System32\rasadhlp.dll
0x00007ffe24870000 - 0x00007ffe248e7000 	C:\WINDOWS\System32\fwpuclnt.dll
0x00007ffe13be0000 - 0x00007ffe13beb000 	C:\Program Files\Android\Android Studio\jre\jre\bin\sunmscapi.dll
0x00007ffe2db10000 - 0x00007ffe2dc61000 	C:\WINDOWS\System32\CRYPT32.dll
0x00007ffe2cb10000 - 0x00007ffe2cb22000 	C:\WINDOWS\System32\MSASN1.dll
0x00007ffe2bab0000 - 0x00007ffe2bae1000 	C:\WINDOWS\SYSTEM32\ntmarta.dll
0x00007ffe27f80000 - 0x00007ffe27f9e000 	C:\Users\Dendi\AppData\Local\Temp\native-platform2042594507435094259dir\native-platform.dll

VM Arguments:
jvm_args: -Xmx2048m -Dfile.encoding=UTF-8 -Duser.country=US -Duser.language=en -Duser.variant 
java_command: org.gradle.launcher.daemon.bootstrap.GradleDaemon 6.5
java_class_path (initial): C:\Users\Dendi\.gradle\wrapper\dists\gradle-6.5-bin\6nifqtx7604sqp1q6g8wikw7p\gradle-6.5\lib\gradle-launcher-6.5.jar
Launcher Type: SUN_STANDARD

Environment Variables:
JAVA_HOME=C:\Program Files\Zulu\zulu-15
PATH=C:\Program Files\Zulu\zulu-15\bin;C:\WINDOWS\system32;C:\WINDOWS;C:\WINDOWS\System32\Wbem;C:\WINDOWS\System32\WindowsPowerShell\v1.0\;C:\WINDOWS\System32\OpenSSH\;C:\Program Files\Git\cmd;C:\Program Files\nodejs\;C:\xampp\php;C:\ProgramData\ComposerSetup\bin;C:\Program Files\PostgreSQL\13\bin;C:\Users\Dendi\AppData\Local\Microsoft\WindowsApps;C:\Users\Dendi\AppData\Local\Programs\Microsoft VS Code\bin;C:\Users\Dendi\AppData\Roaming\npm;C:\Users\Dendi\AppData\Roaming\Composer\vendor\bin;C:\msys64\mingw64\bin;
USERNAME=Dendi
OS=Windows_NT
PROCESSOR_IDENTIFIER=AMD64 Family 22 Model 48 Stepping 1, AuthenticAMD



---------------  S Y S T E M  ---------------

OS: Windows 10.0 , 64 bit Build 18362 (10.0.18362.1500)

CPU:total 4 (initial active 4) (4 cores per cpu, 1 threads per core) family 22 model 48 stepping 1, cmov, cx8, fxsr, mmx, sse, sse2, sse3, ssse3, sse4.1, sse4.2, popcnt, avx, aes, clmul, mmxext, 3dnowpref, lzcnt, sse4a, tsc, tscinvbit, tscinv, bmi1

Memory: 4k page, physical 2559860k(132132k free), swap 7540596k(24k free)

vm_info: OpenJDK 64-Bit Server VM (25.242-b01) for windows-amd64 JRE (1.8.0_242-release-1644-b01), built by "builder" with MS VC++ 10.0 (VS2010)

time: Sun Apr 18 13:06:10 2021
timezone: SE Asia Standard Time
elapsed time: 3337 seconds (0d 0h 55m 37s)

